<?xml version="1.0" encoding="UTF-8"?>
<!-- Generated by org.testng.reporters.JUnitXMLReporter -->
<testsuite hostname="MAHITHA-S-THINKPAD" ignored="1" name="Default test" tests="1" failures="0" timestamp="2021-12-15T21:29:11 IST" time="7.066" errors="0">
  <testcase name="ValidateTitle" time="0.022" classname="com.crm.test.LoginTest"/>
  <testcase name="verifyValidLogin" time="0.0" classname="com.crm.test.LoginTest">
    <ignored/>
  </testcase> <!-- verifyValidLogin -->
</testsuite> <!-- Default test -->
