<?xml version="1.0" encoding="UTF-8"?>
<testng-results skipped="0" failed="0" ignored="0" total="2" passed="2">
  <reporter-output>
  </reporter-output>
  <suite name="Default suite" duration-ms="49190" started-at="2021-12-15T16:45:53Z" finished-at="2021-12-15T16:46:42Z">
    <groups>
    </groups>
    <test name="Default test" duration-ms="49190" started-at="2021-12-15T16:45:53Z" finished-at="2021-12-15T16:46:42Z">
      <class name="com.crm.test.LoginTest">
        <test-method status="PASS" signature="setup()[pri:0, instance:com.crm.test.LoginTest@18eed359]" name="setup" is-config="true" duration-ms="12858" started-at="2021-12-15T22:15:53Z" finished-at="2021-12-15T22:16:06Z">
          <reporter-output>
          </reporter-output>
        </test-method> <!-- setup -->
        <test-method status="PASS" signature="ValidateTitle()[pri:1, instance:com.crm.test.LoginTest@18eed359]" name="ValidateTitle" duration-ms="11" started-at="2021-12-15T22:16:06Z" finished-at="2021-12-15T22:16:06Z">
          <reporter-output>
          </reporter-output>
        </test-method> <!-- ValidateTitle -->
        <test-method status="PASS" signature="setup()[pri:0, instance:com.crm.test.LoginTest@18eed359]" name="setup" is-config="true" duration-ms="5403" started-at="2021-12-15T22:16:06Z" finished-at="2021-12-15T22:16:11Z">
          <reporter-output>
          </reporter-output>
        </test-method> <!-- setup -->
        <test-method status="PASS" signature="verifyValidLogin()[pri:2, instance:com.crm.test.LoginTest@18eed359]" name="verifyValidLogin" duration-ms="30901" started-at="2021-12-15T22:16:11Z" finished-at="2021-12-15T22:16:42Z">
          <reporter-output>
          </reporter-output>
        </test-method> <!-- verifyValidLogin -->
      </class> <!-- com.crm.test.LoginTest -->
    </test> <!-- Default test -->
  </suite> <!-- Default suite -->
</testng-results>
