<?xml version="1.0" encoding="UTF-8"?>
<!-- Generated by org.testng.reporters.JUnitXMLReporter -->
<testsuite hostname="DESKTOP-SD5V08D" ignored="0" name="Default test" tests="3" failures="0" timestamp="16 Dec 2021 06:54:36 GMT" time="3.944" errors="0">
  <testcase name="verfiyTitle" time="0.031" classname="com.crm.test.ActionsPageTest"/>
  <testcase name="verfiyCountOfSA" time="0.047" classname="com.crm.test.ActionsPageTest"/>
  <testcase name="verfiyCompltedAction" time="3.833" classname="com.crm.test.ActionsPageTest"/>
</testsuite> <!-- Default test -->
