<?xml version="1.0" encoding="UTF-8"?>
<testng-results skipped="0" failed="0" ignored="1" total="2" passed="1">
  <reporter-output>
  </reporter-output>
  <suite name="Default suite" duration-ms="7066" started-at="2021-12-15T21:29:04 IST" finished-at="2021-12-15T21:29:11 IST">
    <groups>
    </groups>
    <test name="Default test" duration-ms="7066" started-at="2021-12-15T21:29:04 IST" finished-at="2021-12-15T21:29:11 IST">
      <class name="com.crm.test.LoginTest">
        <test-method status="PASS" signature="setup()[pri:0, instance:com.crm.test.LoginTest@491cc5c9]" name="setup" is-config="true" duration-ms="6851" started-at="2021-12-15T21:29:04 IST" finished-at="2021-12-15T21:29:11 IST">
          <reporter-output>
          </reporter-output>
        </test-method> <!-- setup -->
        <test-method status="PASS" signature="ValidateTitle()[pri:1, instance:com.crm.test.LoginTest@491cc5c9]" name="ValidateTitle" duration-ms="22" started-at="2021-12-15T21:29:11 IST" finished-at="2021-12-15T21:29:11 IST">
          <reporter-output>
          </reporter-output>
        </test-method> <!-- ValidateTitle -->
        <test-method status="PASS" signature="tearDown()[pri:0, instance:com.crm.test.LoginTest@491cc5c9]" name="tearDown" is-config="true" duration-ms="119" started-at="2021-12-15T21:29:11 IST" finished-at="2021-12-15T21:29:11 IST">
          <reporter-output>
          </reporter-output>
        </test-method> <!-- tearDown -->
      </class> <!-- com.crm.test.LoginTest -->
    </test> <!-- Default test -->
  </suite> <!-- Default suite -->
</testng-results>
